Traceback (most recent call last):
  File "/usr/local/lib/python3.11/site-packages/jupyter_cache/executors/utils.py", line 58, in single_nb_execution
    executenb(
  File "/usr/local/lib/python3.11/site-packages/nbclient/client.py", line 1319, in execute
    return NotebookClient(nb=nb, resources=resources, km=km, **kwargs).execute()
           ^^^^^^^^^^^^^^^^^^^^^^^^^^^^^^^^^^^^^^^^^^^^^^^^^^^^^^^^^^^^^^^^^^^^^
  File "/usr/local/lib/python3.11/site-packages/jupyter_core/utils/__init__.py", line 165, in wrapped
    return loop.run_until_complete(inner)
           ^^^^^^^^^^^^^^^^^^^^^^^^^^^^^^
  File "/usr/local/Cellar/python@3.11/3.11.10/Frameworks/Python.framework/Versions/3.11/lib/python3.11/asyncio/base_events.py", line 654, in run_until_complete
    return future.result()
           ^^^^^^^^^^^^^^^
  File "/usr/local/lib/python3.11/site-packages/nbclient/client.py", line 709, in async_execute
    await self.async_execute_cell(
  File "/usr/local/lib/python3.11/site-packages/nbclient/client.py", line 1062, in async_execute_cell
    await self._check_raise_for_error(cell, cell_index, exec_reply)
  File "/usr/local/lib/python3.11/site-packages/nbclient/client.py", line 918, in _check_raise_for_error
    raise CellExecutionError.from_cell_and_msg(cell, exec_reply_content)
nbclient.exceptions.CellExecutionError: An error occurred while executing the following cell:
------------------
# The array of the number of points to integrate over:
Narray = [10, 20, 50, 100, 200, 500, 1000, 2000, 5000, 10000]

Errs = []
for Ni in Narray:
    I, err = mcint(fEX51,0,1,Ni)
    Errs.append(err/I)

# Let's plot:
import matplotlib.pyplot as plt # import matplotlib, a conventional module name is plt
import numpy as np

fig, ax = plt.subplots() # create the elements required for matplotlib. This creates a figure containing a single set of axes.

# get the logs:
x = np.log10(Narray)
y = np.log10(Errs)
yexpect = np.log10(1/np.sqrt(Narray))

# plot: 
ax.plot(x, y) # make a one-dimensional plot using the above arrays
ax.plot(x, yexpect, label='theoretical') # make a one-dimensional plot using the above arrays

# labels:
ax.set_xlabel(r'$\log_{10}(N)$')
ax.set_ylabel(r'$\log_{10}(\epsilon)$')
    
------------------


[0;31m---------------------------------------------------------------------------[0m
[0;31mModuleNotFoundError[0m                       Traceback (most recent call last)
Cell [0;32mIn[2], line 10[0m
[1;32m      7[0m     Errs[38;5;241m.[39mappend(err[38;5;241m/[39mI)
[1;32m      9[0m [38;5;66;03m# Let's plot:[39;00m
[0;32m---> 10[0m [38;5;28;01mimport[39;00m [38;5;21;01mmatplotlib[39;00m[38;5;21;01m.[39;00m[38;5;21;01mpyplot[39;00m [38;5;28;01mas[39;00m [38;5;21;01mplt[39;00m [38;5;66;03m# import matplotlib, a conventional module name is plt[39;00m
[1;32m     11[0m [38;5;28;01mimport[39;00m [38;5;21;01mnumpy[39;00m [38;5;28;01mas[39;00m [38;5;21;01mnp[39;00m
[1;32m     13[0m fig, ax [38;5;241m=[39m plt[38;5;241m.[39msubplots() [38;5;66;03m# create the elements required for matplotlib. This creates a figure containing a single set of axes.[39;00m

[0;31mModuleNotFoundError[0m: No module named 'matplotlib'

