\BOOKMARK [0][-]{chapter.1}{Making\040Computers\040Obey}{}% 1
\BOOKMARK [1][-]{section.1.1}{Machine\040Language}{chapter.1}% 2
\BOOKMARK [1][-]{section.1.2}{Shells,\040Operating\040Systems\040and\040Compilers}{chapter.1}% 3
\BOOKMARK [1][-]{section.1.3}{Programming\040Warmup}{chapter.1}% 4
\BOOKMARK [1][-]{section.1.4}{Structure\040and\040Reproducible\040Program\040Design}{chapter.1}% 5
\BOOKMARK [1][-]{section.1.5}{Introduction\040to\040Python}{chapter.1}% 6
\BOOKMARK [2][-]{subsection.1.5.1}{What\040is\040Python?}{section.1.5}% 7
\BOOKMARK [2][-]{subsection.1.5.2}{Aside:\040Why\040is\040it\040called\040that?!}{section.1.5}% 8
\BOOKMARK [2][-]{subsection.1.5.3}{Jupyter\040Notebooks,\040the\040Gitlab\040repository\040and\040Binder}{section.1.5}% 9
\BOOKMARK [2][-]{subsection.1.5.4}{\376\377\000L\000e\000t\040\031\000s\000\040\000w\000r\000i\000t\000e\000\040\000s\000o\000m\000e\000\040\000c\000o\000d\000e\000!}{section.1.5}% 10
\BOOKMARK [1][-]{section.1.6}{Control\040Flow\040Tools}{chapter.1}% 11
\BOOKMARK [2][-]{subsection.1.6.1}{if\040Statements}{section.1.6}% 12
\BOOKMARK [2][-]{subsection.1.6.2}{for\040and\040while\040Statements}{section.1.6}% 13
\BOOKMARK [2][-]{subsection.1.6.3}{break\040and\040continue\040Statements,\040and\040else\040Clauses\040on\040Loops}{section.1.6}% 14
\BOOKMARK [1][-]{section.1.7}{Defining\040Functions}{chapter.1}% 15
\BOOKMARK [1][-]{section.1.8}{Data\040Structures}{chapter.1}% 16
\BOOKMARK [2][-]{subsection.1.8.1}{List\040Methods}{section.1.8}% 17
\BOOKMARK [2][-]{subsection.1.8.2}{List\040Comprehensions}{section.1.8}% 18
\BOOKMARK [2][-]{subsection.1.8.3}{Tuples\040and\040Sequences}{section.1.8}% 19
\BOOKMARK [2][-]{subsection.1.8.4}{Dictionaries}{section.1.8}% 20
\BOOKMARK [2][-]{subsection.1.8.5}{Looping\040Techniques}{section.1.8}% 21
\BOOKMARK [1][-]{section.1.9}{Modules}{chapter.1}% 22
\BOOKMARK [2][-]{subsection.1.9.1}{User-Defined\040Modules}{section.1.9}% 23
\BOOKMARK [2][-]{subsection.1.9.2}{Standard\040Modules\040and\040the\040Standard\040Library}{section.1.9}% 24
\BOOKMARK [2][-]{subsection.1.9.3}{NumPy}{section.1.9}% 25
\BOOKMARK [2][-]{subsection.1.9.4}{SciPy}{section.1.9}% 26
\BOOKMARK [2][-]{subsection.1.9.5}{Matplotlib\040\(Plotting\)}{section.1.9}% 27
\BOOKMARK [1][-]{section.1.10}{Other\040Useful\040Modules}{chapter.1}% 28
\BOOKMARK [2][-]{subsection.1.10.1}{pandas}{section.1.10}% 29
\BOOKMARK [2][-]{subsection.1.10.2}{PrettyTable}{section.1.10}% 30
\BOOKMARK [2][-]{subsection.1.10.3}{tqdm}{section.1.10}% 31
\BOOKMARK [2][-]{subsection.1.10.4}{SymPy}{section.1.10}% 32
\BOOKMARK [2][-]{subsection.1.10.5}{Machine\040Learning\040with\040PyTorch}{section.1.10}% 33
\BOOKMARK [0][-]{chapter.2}{Computer\040Number\040Representations}{}% 34
\BOOKMARK [1][-]{section.2.1}{Introduction\040to\040Computer\040Number\040Representations}{chapter.2}% 35
\BOOKMARK [1][-]{section.2.2}{Floating-Point\040Numbers}{chapter.2}% 36
\BOOKMARK [1][-]{section.2.3}{Errors\040and\040Uncertainties\040in\040Computations}{chapter.2}% 37
\BOOKMARK [2][-]{subsection.2.3.1}{Types\040of\040Errors}{section.2.3}% 38
\BOOKMARK [2][-]{subsection.2.3.2}{Subtractive\040Cancelation}{section.2.3}% 39
\BOOKMARK [2][-]{subsection.2.3.3}{Round-off\040Errors}{section.2.3}% 40
\BOOKMARK [1][-]{section.2.4}{Round-off\040Error\040Accumulation}{chapter.2}% 41
\BOOKMARK [0][-]{chapter.3}{Randomness\040and\040Random\040Walks}{}% 42
\BOOKMARK [1][-]{section.3.1}{Deterministic\040Randomness}{chapter.3}% 43
\BOOKMARK [1][-]{section.3.2}{Random\040Sequences}{chapter.3}% 44
\BOOKMARK [2][-]{subsection.3.2.1}{Random\040Number\040Generation}{section.3.2}% 45
\BOOKMARK [2][-]{subsection.3.2.2}{Generating\040Random\040Numbers\040of\040Arbitrary\040Distributions}{section.3.2}% 46
\BOOKMARK [1][-]{section.3.3}{Random\040Walks}{chapter.3}% 47
\BOOKMARK [2][-]{subsection.3.3.1}{Random\040Walks:\040Theoretical\040Description}{section.3.3}% 48
\BOOKMARK [1][-]{section.3.4}{Digression:\040Object-Oriented\040Programming\040in\040Python}{chapter.3}% 49
\BOOKMARK [1][-]{section.3.5}{Random-Walk\040Simulation}{chapter.3}% 50
\BOOKMARK [0][-]{chapter.4}{Numerical\040Differentiation\040and\040Integration}{}% 51
\BOOKMARK [1][-]{section.4.1}{Numerical\040Differentiation}{chapter.4}% 52
\BOOKMARK [2][-]{subsection.4.1.1}{Introduction}{section.4.1}% 53
\BOOKMARK [2][-]{subsection.4.1.2}{The\040Forward-Difference\040Derivative}{section.4.1}% 54
\BOOKMARK [3][-]{subsubsection*.3}{Example\0404.1:\040Calculate\040the\040forward-difference\040derivative\040for\040the\040above\040data\040points\040and\040plot\040it\040\(in\040a\040NumPy\040array\040called\040y\)}{subsection.4.1.2}% 55
\BOOKMARK [2][-]{subsection.4.1.3}{Example\0404.2:\040Calculate\040the\040forward-difference\040derivatives\040for\040f\(t\)\040=\040\\cos\040t\040and\040g\(t\)\040=\040\\exp\(t\)\040at\040t=0.1,\0401.,\040100,\040for\040h=10^\173-6\175.\040Compare\040to\040the\040analytic\040results.}{section.4.1}% 56
\BOOKMARK [2][-]{subsection.4.1.4}{The\040Central-Difference\040Derivative}{section.4.1}% 57
\BOOKMARK [3][-]{subsubsection*.4}{Example\0404.3:\040Calculate\040as\040in\040Example\0404.2,\040but\040with\040the\040central-difference\040derivative}{subsection.4.1.4}% 58
\BOOKMARK [2][-]{subsection.4.1.5}{Extrapolated-Difference\040Derivative}{section.4.1}% 59
\BOOKMARK [1][-]{section.4.2}{Error\040Assessment\040in\040Numerical\040Differentiation}{chapter.4}% 60
\BOOKMARK [2][-]{subsection.4.2.1}{Introduction}{section.4.2}% 61
\BOOKMARK [3][-]{subsubsection*.5}{Example\0404.4:\040Use\040the\040sweet-spot\040values\040of\040the\040step\040size\040to\040calculate\040the\040derivatives\040of\040\\cos\040\(t\)\040and\040\\exp\(t\)\040at\040the\040same\040points\040as\040the\040previous\040examples.}{subsection.4.2.1}% 62
\BOOKMARK [3][-]{subsubsection*.6}{Example\0404.5:\040Using\040the\040known\040analytical\040results\040calculate\040the\040relative\040error,\040\\varepsilon,\040obtained\040by\040both\040methods\040for\040the\040\\cos\(t\)\040and\040\\exp\(t\)\040functions\040at\040t=0.1,\040for\040varying\040step\040size\040h\040down\040to\040h\\simeq\040\\epsilon_m\040\\simeq\04010^\173-15\175\040and\040plot\040\\log_\17310\175|\\varepsilon|\040vs.\040\\log_\17310\175\040h.\040Comment\040on\040the\040behavior\040at\040small\040and\040large\040h}{subsection.4.2.1}% 63
\BOOKMARK [3][-]{subsubsection*.7}{Example\0404.6:\040Take\040the\040numerical\040derivative\040of\040the\040function\040f\(t\)\040=\040\\exp\(t\)\040\\cos\(t\)\040at\040t=0.1,\040and\040following\040Example\0404.5,\040perform\040an\040error\040assessment.}{subsection.4.2.1}% 64
\BOOKMARK [1][-]{section.4.3}{Numerical\040Integration}{chapter.4}% 65
\BOOKMARK [2][-]{subsection.4.3.1}{Introduction}{section.4.3}% 66
\BOOKMARK [2][-]{subsection.4.3.2}{The\040Trapezoid\040Rule}{section.4.3}% 67
\BOOKMARK [3][-]{subsubsection*.8}{Example\0404.7:\040Construct\040a\040function\040that\040implements\040the\040trapezoid\040rule\040on\040an\040interval\040[a,b]\040using\040N\040points,\040and\040use\040to\040integrate\040f\(x\)\040=\040\\exp\(-x\)\040in\040the\040interval\040[0,1].\040Compare\040to\040the\040analytic\040value\040for\040N=10^6\040intervals.}{subsection.4.3.2}% 68
\BOOKMARK [2][-]{subsection.4.3.3}{\376\377\000S\000i\000m\000p\000s\000o\000n\040\031\000s\000\040\000R\000u\000l\000e}{section.4.3}% 69
\BOOKMARK [3][-]{subsubsection*.9}{\376\377\000E\000x\000a\000m\000p\000l\000e\000\040\0004\000.\0008\000:\000\040\000C\000o\000n\000s\000t\000r\000u\000c\000t\000\040\000a\000\040\000f\000u\000n\000c\000t\000i\000o\000n\000\040\000t\000h\000a\000t\000\040\000i\000m\000p\000l\000e\000m\000e\000n\000t\000s\000\040\000S\000i\000m\000p\000s\000o\000n\040\031\000s\000\040\000r\000u\000l\000e\000\040\000o\000n\000\040\000a\000n\000\040\000i\000n\000t\000e\000r\000v\000a\000l\000\040\000[\000a\000,\000b\000]\000\040\000u\000s\000i\000n\000g\000\040\000N\000\040\000p\000o\000i\000n\000t\000s\000\040\000\050\000N\000\040\000i\000s\000\040\000o\000d\000d\000!\000\051\000,\000\040\000a\000n\000d\000\040\000u\000s\000e\000\040\000t\000o\000\040\000i\000n\000t\000e\000g\000r\000a\000t\000e\000\040\000f\000\050\000x\000\051\000\040\000=\000\040\000\134\000e\000x\000p\000\050\000-\000x\000\051\000\040\000i\000n\000\040\000t\000h\000e\000\040\000i\000n\000t\000e\000r\000v\000a\000l\000\040\000[\0000\000,\0001\000]\000.}{subsection.4.3.3}% 70
\BOOKMARK [2][-]{subsection.4.3.4}{Gaussian\040Quadrature}{section.4.3}% 71
\BOOKMARK [3][-]{subsubsection*.10}{Example\0404.9:\040Use\040special\040functions\040to\040get\040the\040Gauss-Legendre\040points\040and\040weights\040for\040N=2\040to\040N=8\040points.}{subsection.4.3.4}% 72
\BOOKMARK [3][-]{subsubsection*.11}{Example\0404.10:\040Construct\040a\040function\040that\040implements\040N-th\040order\040Gaussian\040quadrature\040in\040the\040interval\040[a,b],\040and\040use\040to\040integrate\040f\(x\)\040=\040\\exp\(-x\)\040in\040the\040interval\040[0,1]\040for\040N=8.}{subsection.4.3.4}% 73
\BOOKMARK [2][-]{subsection.4.3.5}{Higher\040Order\040Rules\040\(3/8\040and\040Milne\040Rules\)}{section.4.3}% 74
\BOOKMARK [2][-]{subsection.4.3.6}{Integration\040Error\040Assessment}{section.4.3}% 75
\BOOKMARK [1][-]{section.4.4}{Minor\040Digression:\040Python\040functools\040and\040partial\040functions}{chapter.4}% 76
\BOOKMARK [0][-]{chapter.5}{Monte\040Carlo\040Methods}{}% 77
\BOOKMARK [1][-]{section.5.1}{Introduction}{chapter.5}% 78
\BOOKMARK [1][-]{section.5.2}{The\040Basic\040Monte\040Carlo\040Strategy}{chapter.5}% 79
\BOOKMARK [2][-]{subsection.5.2.1}{Example\0405.1:\040Use\040the\040Monte\040Carlo\040integration\040method\040to\040calculate\040the\040integral\040\\int_0^1\040\\frac\173\040\\mathrm\173d\175\040x\040\175\040\173\0401\040+\040x^2\040\175\040=\040\\frac\173\\pi\175\1734\175.\040Also\040calculate\040the\040error.}{section.5.2}% 80
\BOOKMARK [2][-]{subsection.5.2.2}{Example\0405.2:\040For\040the\040function\040of\040example\0405.1,\040calculate\040the\040error\040as\040a\040function\040of\040the\040number\040of\040points\040N,\040from\040N=10\040to\040N=10^4.\040Plot\040the\040the\040logarithm\040of\040the\040error\040versus\040the\040log\040of\040the\040number\040of\040points.\040Does\040it\040agree\040with\040our\040expectations?}{section.5.2}% 81
\BOOKMARK [2][-]{subsection.5.2.3}{Variance\040Reduction}{section.5.2}% 82
\BOOKMARK [2][-]{subsection.5.2.4}{Example\0405.3:\040Use\040the\040Monte\040Carlo\040integration\040method\040with\040the\040variance\040reduction\040to\040calculate\040the\040integral\040\\int_0^1\040\\frac\173\040\\mathrm\173d\175\040x\040\175\040\173\0401\040+\040x^2\040\175\040over\040the\040same\040number\040of\040points\040as\040in\040Example\0405.2.\040Make\040a\040plot\040comparing\040to\040the\040error\040calculated\040in\040Example\0405.2.}{section.5.2}% 83
\BOOKMARK [1][-]{section.5.3}{Multi-Dimensional\040Monte\040Carlo\040Integration}{chapter.5}% 84
\BOOKMARK [2][-]{subsection.5.3.1}{\376\377\000E\000x\000a\000m\000p\000l\000e\000\040\0005\000.\0004\000:\000\040\000U\000s\000e\000\040\000m\000u\000l\000t\000i\000-\000d\000i\000m\000e\000n\000s\000i\000o\000n\000a\000l\000\040\000M\000o\000n\000t\000e\000\040\000C\000a\000r\000l\000o\000\040\000i\000n\000t\000e\000g\000r\000a\000t\000i\000o\000n\000\040\000t\000o\000\040\000c\000a\000l\000c\000u\000l\000a\000t\000e\000\040\003\300\000!}{section.5.3}% 85
\BOOKMARK [1][-]{section.5.4}{\376\377\000v\000o\000n\000\040\000N\000e\000u\000m\000a\000n\000n\000\040\000R\000e\000j\000e\000c\000t\000i\000o\000n\000\040\000S\000a\000m\000p\000l\000i\000n\000g\000\040\000\050\040\034\000H\000i\000t\000-\000o\000r\000-\000M\000i\000s\000s\040\035\000\051}{chapter.5}% 86
\BOOKMARK [2][-]{subsection.5.4.1}{Example\0405.5:\040Use\040von\040Neumann\040rejection\040to\040sample\040points\040in\040the\040interval\040[0,1],\040distributed\040as\040w\(x\)\040=\040\\frac\1736\175\1735\175\040\(\0401\040-\040\\frac\1731\175\1732\175\040x^2\).\040Plot\040a\040histogram\040of\040the\040points\040and\040verify\040that\040they\040are\040indeed\040distributed\040according\040to\040w\(x\).\040Evaluate\040the\040integral\040I\040=\040\\int_0^1\040\\frac\1731\175\1731+x^2\175\040\\mathrm\173d\175\040x\040and\040its\040uncertainty\040with\040these\040points.}{section.5.4}% 87
\BOOKMARK [2][-]{subsection.5.4.2}{An\040Introduction\040to\040Monte\040Carlo\040Simulations}{section.5.4}% 88
\BOOKMARK [2][-]{subsection.5.4.3}{Example\0405.5:\040Due\040to\040the\040uncertainty\040principle,\040the\040mass,\040m\040of\040an\040unstable\040particle\040\(which\040can\040be\040measured\040through\040the\040momenta\040of\040its\040decay\040products\),\040is\040distributed\040according\040to\040the\040Breit-Wigner\040distribution\040\(in\040natural\040units\):}{section.5.4}% 89
\BOOKMARK [2][-]{subsection.5.4.4}{Example\0405.6:\040Generate\040events\040distributed\040according\040to\040a\040Gaussian\040distribution:}{section.5.4}% 90
\BOOKMARK [0][-]{chapter.6}{Matrix\040Computing,\040Trial-and-Error\040Searching\040and\040Data\040Fitting}{}% 91
\BOOKMARK [1][-]{section.6.1}{Trial-and-Error\040Root\040Finding}{chapter.6}% 92
\BOOKMARK [2][-]{subsection.6.1.1}{Introduction}{section.6.1}% 93
\BOOKMARK [2][-]{subsection.6.1.2}{Trial-and-error\040Roots\040via\040Bisection}{section.6.1}% 94
\BOOKMARK [2][-]{subsection.6.1.3}{Example\0406.1:\040Temperature\040Dependence\040of\040Magnetization.}{section.6.1}% 95
\BOOKMARK [1][-]{section.6.2}{Newton-Raphson\040Searching}{chapter.6}% 96
\BOOKMARK [1][-]{section.6.3}{Newton-Raphson\040with\040Backtracking}{chapter.6}% 97
\BOOKMARK [2][-]{subsection.6.3.1}{Example\0406.2:\040Newton-Raphson\040applied\040to\040the\040Temperature\040Dependence\040of\040Magnetization.}{section.6.3}% 98
\BOOKMARK [1][-]{section.6.4}{Matrix\040Computing}{chapter.6}% 99
\BOOKMARK [2][-]{subsection.6.4.1}{Why\040Matrix\040Computing?}{section.6.4}% 100
\BOOKMARK [2][-]{subsection.6.4.2}{Classes\040of\040Matrix\040Problems}{section.6.4}% 101
\BOOKMARK [2][-]{subsection.6.4.3}{Math\040Recap:\040Matrix\040Multiplication,\040Inverses\040and\040Determinants}{section.6.4}% 102
\BOOKMARK [2][-]{subsection.6.4.4}{Example\0406.3:\040In\040this\040problem\040we\040will\040find\040the\040inverse\040of\040a\0403x3\040matrix\040analytically\040and\040show\040via\040direct\040matrix\040multiplication\040that\040it\040indeed\040gives\040back\040the\040identity\040matrix.}{section.6.4}% 103
\BOOKMARK [2][-]{subsection.6.4.5}{Math\040Recap:\040Solving\040Eigenvalue\040Problems}{section.6.4}% 104
\BOOKMARK [2][-]{subsection.6.4.6}{Example\0406.4:\040Find\040the\040eigenvalues\040and\040eigenvectors\040of\040the\040matrix:}{section.6.4}% 105
\BOOKMARK [2][-]{subsection.6.4.7}{Example\0406.5:\040Given\040that\040\\lambda_1\040=\0405\040is\040an\040eigenvalue,\040find\040the\040remaining\040eigenvalues\040of\040the\040matrix:}{section.6.4}% 106
\BOOKMARK [1][-]{section.6.5}{Practical\040Matrix\040Computing}{chapter.6}% 107
\BOOKMARK [1][-]{section.6.6}{Matrices\040in\040Python:\040Python\040Lists,\040NumPy\040Arrays}{chapter.6}% 108
\BOOKMARK [2][-]{subsection.6.6.1}{Python\040Lists}{section.6.6}% 109
\BOOKMARK [2][-]{subsection.6.6.2}{NumPy\040Arrays}{section.6.6}% 110
\BOOKMARK [1][-]{section.6.7}{\376\377\000N\000u\000m\000P\000y\040\031\000s\000\040\000l\000i\000n\000a\000l\000g\000\040\000P\000a\000c\000k\000a\000g\000e}{chapter.6}% 111
\BOOKMARK [2][-]{subsection.6.7.1}{Example\0406.6:\040Solve\040Examples\0406.3\040to\0406.5\040numerically!}{section.6.7}% 112
\BOOKMARK [1][-]{section.6.8}{N-Dimensional\040Newton-Raphson}{chapter.6}% 113
\BOOKMARK [1][-]{section.6.9}{More\040Matrix\040Examples}{chapter.6}% 114
\BOOKMARK [2][-]{subsection.6.9.1}{Example\0406.6:\040Your\040model\040of\040some\040physical\040system\040results\040in\040N=100\040coupled\040linear\040equations\040with\040N\040unknowns:}{section.6.9}% 115
\BOOKMARK [2][-]{subsection.6.9.2}{Example\0406.7:\040Dirac\040Gamma\040Matrices}{section.6.9}% 116
\BOOKMARK [2][-]{subsection.6.9.3}{Example\0406.8:\0402-Dimensional\040Newton-Raphson\040Warmup}{section.6.9}% 117
\BOOKMARK [1][-]{section.6.10}{Data\040Fitting}{chapter.6}% 118
\BOOKMARK [2][-]{subsection.6.10.1}{Introduction\040to\040Data\040Fitting}{section.6.10}% 119
\BOOKMARK [2][-]{subsection.6.10.2}{Lagrange\040Interpolation}{section.6.10}% 120
\BOOKMARK [2][-]{subsection.6.10.3}{Example\0406.9:\040Lagrange\040Interpolation}{section.6.10}% 121
\BOOKMARK [2][-]{subsection.6.10.4}{Cubic\040Spline\040Interpolation}{section.6.10}% 122
\BOOKMARK [2][-]{subsection.6.10.5}{Example\0406.10:\040Cubic\040Spline\040Interpolation\040with\040scipy}{section.6.10}% 123
\BOOKMARK [2][-]{subsection.6.10.6}{Other\040SciPy\040Interpolators}{section.6.10}% 124
\BOOKMARK [2][-]{subsection.6.10.7}{Example\0406.11:\040Global\040Temperature:\040Load\040data\040with\040Pandas\040and\040Interpolate\040with\040SciPy}{section.6.10}% 125
\BOOKMARK [2][-]{subsection.6.10.8}{2-D\040Interpolation}{section.6.10}% 126
\BOOKMARK [2][-]{subsection.6.10.9}{Least-Squares\040Fitting}{section.6.10}% 127
\BOOKMARK [2][-]{subsection.6.10.10}{Linear\040Regression}{section.6.10}% 128
\BOOKMARK [2][-]{subsection.6.10.11}{\376\377\000E\000x\000a\000m\000p\000l\000e\000\040\0006\000.\0001\0002\000:\000\040\000H\000u\000b\000b\000l\000e\040\031\000s\000\040\000L\000a\000w}{section.6.10}% 129
\BOOKMARK [2][-]{subsection.6.10.12}{Quadratic\040Fits}{section.6.10}% 130
\BOOKMARK [2][-]{subsection.6.10.13}{Nonlinear\040Fitting}{section.6.10}% 131
\BOOKMARK [0][-]{chapter.7}{Ordinary\040Differential\040Equations}{}% 132
\BOOKMARK [1][-]{section.7.1}{Introduction}{chapter.7}% 133
\BOOKMARK [1][-]{section.7.2}{Mathematical\040Preliminaries}{chapter.7}% 134
\BOOKMARK [1][-]{section.7.3}{Dynamic\040form\040for\040ODEs}{chapter.7}% 135
\BOOKMARK [1][-]{section.7.4}{ODE\040Algorithms}{chapter.7}% 136
\BOOKMARK [2][-]{subsection.7.4.1}{\376\377\000E\000u\000l\000e\000r\040\031\000s\000\040\000M\000e\000t\000h\000o\000d}{section.7.4}% 137
\BOOKMARK [2][-]{subsection.7.4.2}{\376\377\000E\000x\000a\000m\000p\000l\000e\000\040\0007\000.\0001\000:\000\040\000A\000n\000\040\000A\000p\000p\000l\000i\000c\000a\000t\000i\000o\000n\000\040\000o\000f\000\040\000E\000u\000l\000e\000r\040\031\000s\000\040\000M\000e\000t\000h\000o\000d}{section.7.4}% 138
\BOOKMARK [2][-]{subsection.7.4.3}{Example\0407.2:\040Evaluation\040of\040the\040Integration\040Algorithm}{section.7.4}% 139
\BOOKMARK [1][-]{section.7.5}{Runge-Kutta\040Methods}{chapter.7}% 140
\BOOKMARK [2][-]{subsection.7.5.1}{Example\0407.3:\040Try\040out\040the\040second-\040and\040fourth-order\040Runge-Kutta\040methods\040on\040the\040problem\040defined\040in\040Example\0407.1.}{section.7.5}% 141
\BOOKMARK [2][-]{subsection.7.5.2}{Application:\040Nonlinear\040Oscillators}{section.7.5}% 142
\BOOKMARK [2][-]{subsection.7.5.3}{Example\0407.4:\040Oscillator\040warmup:\040Simple\040Harmonic\040Motion}{section.7.5}% 143
\BOOKMARK [0][-]{chapter.8}{An\040Introduction\040to\040Nonlinear\040Dynamics\040and\040Chaos}{}% 144
\BOOKMARK [1][-]{section.8.1}{Introduction}{chapter.8}% 145
\BOOKMARK [1][-]{section.8.2}{The\040Importance\040of\040being\040Nonlinear}{chapter.8}% 146
\BOOKMARK [1][-]{section.8.3}{Flows\040on\040the\040Line}{chapter.8}% 147
\BOOKMARK [2][-]{subsection.8.3.1}{Fixed\040Points\040and\040Stability}{section.8.3}% 148
\BOOKMARK [2][-]{subsection.8.3.2}{Example\0408.1:\040Find\040all\040the\040fixed\040points\040for\040\\dot\173x\175\040=\040x^2\040-1,\040and\040classify\040their\040stability.}{section.8.3}% 149
\BOOKMARK [1][-]{section.8.4}{Linear\040Stability\040Analysis}{chapter.8}% 150
\BOOKMARK [2][-]{subsection.8.4.1}{Example\0408.2:\040Use\040linearization\040to\040determine\040the\040stability\040of\040the\040fixed\040points\040for\040\\dot\173x\175\040=\040\\sin\040x.}{section.8.4}% 151
\BOOKMARK [1][-]{section.8.5}{Two-Dimensional\040Systems}{chapter.8}% 152
\BOOKMARK [2][-]{subsection.8.5.1}{2D\040Linear\040Systems}{section.8.5}% 153
\BOOKMARK [2][-]{subsection.8.5.2}{Example\0408.3:\040Analysis\040of\040the\040Simple\040Harmonic\040Oscillator.}{section.8.5}% 154
\BOOKMARK [2][-]{subsection.8.5.3}{Classification\040of\040Linear\040Systems}{section.8.5}% 155
\BOOKMARK [2][-]{subsection.8.5.4}{Example\0408.4:\040Solve\040the\040initial\040value\040problem\040\\dot\173x\175\040=\040x\040+\040y,\040\\dot\173y\175\040=\0404\040x\040-\0402y\040with\040initial\040condition\040\(x_0,\040y_0\)\040=\040\(2,-3\).}{section.8.5}% 156
\BOOKMARK [1][-]{section.8.6}{The\040Phase\040Plane\040and\040Phase\040Portraits}{chapter.8}% 157
\BOOKMARK [1][-]{section.8.7}{Fixed\040Points\040and\040Linearization}{chapter.8}% 158
\BOOKMARK [2][-]{subsection.8.7.1}{Example\0408.5:\040Consider\040the\040system\040\\dot\173x\175\040=\040x\040+\040e^\173-y\175\040and\040\\dot\173y\175\040=\040-y.\040First\040use\040qualitative\040arguments\040to\040obtain\040information\040about\040the\040phase\040portrait.\040Then,\040use\040the\040Runge-Kutta\040method\040to\040compute\040several\040trajectories,\040and\040plot\040them\040on\040the\040phase\040plane.}{section.8.7}% 159
\BOOKMARK [1][-]{section.8.8}{The\040Lorenz\040Equations\040and\040Chaos}{chapter.8}% 160
\BOOKMARK [1][-]{section.8.9}{Simple\040Properties\040of\040the\040Lorenz\040Equations}{chapter.8}% 161
\BOOKMARK [2][-]{subsection.8.9.1}{Linear\040Stability\040of\040the\040Origin}{section.8.9}% 162
\BOOKMARK [2][-]{subsection.8.9.2}{Exercise\0408.1:\040Chaos\040on\040a\040Strange\040Attractor}{section.8.9}% 163
\BOOKMARK [2][-]{subsection.8.9.3}{The\040Definition\040of\040Chaos}{section.8.9}% 164
\BOOKMARK [1][-]{section.8.10}{Lorenz\040Attractor\040Animation}{chapter.8}% 165
\BOOKMARK [0][-]{chapter.9}{Boundary\040Value\040and\040Eigenvalue\040Problems}{}% 166
\BOOKMARK [1][-]{section.9.1}{Introduction}{chapter.9}% 167
\BOOKMARK [1][-]{section.9.2}{The\040Numerov\040Algorithm}{chapter.9}% 168
\BOOKMARK [2][-]{subsection.9.2.1}{Example\0409.1:\040Apply\040the\040Numerov\040algorithm\040to\040the\040Simple\040Harmonic\040Oscillator\040problem:}{section.9.2}% 169
\BOOKMARK [1][-]{section.9.3}{Direct\040Integration\040of\040Boundary\040Value\040Problems:\040the\040Poisson\040Equation}{chapter.9}% 170
\BOOKMARK [2][-]{subsection.9.3.1}{\376\377\000E\000x\000a\000m\000p\000l\000e\000\040\0009\000.\0002\000:\000\040\000A\000p\000p\000l\000y\000\040\000t\000h\000e\000\040\000N\000u\000m\000e\000r\000o\000v\000\040\000a\000l\000g\000o\000r\000i\000t\000h\000m\000\040\000t\000o\000\040\000s\000o\000l\000v\000e\000\040\000P\000o\000i\000s\000s\000o\000n\040\031\000s\000\040\000e\000q\000u\000a\000t\000i\000o\000n\000\040\000w\000i\000t\000h\000\040\000\134\000r\000h\000o\000\050\000r\000\051\000\040\000=\000\040\000\134\000f\000r\000a\000c\000\173\0001\000\175\000\173\0008\000\040\000\134\000p\000i\000\175\000\040\000e\000\136\000\173\000-\000r\000\175\000.}{section.9.3}% 171
\BOOKMARK [2][-]{subsection.9.3.2}{Example\0409.3:\040Apply\040a\0405\045\040assumed\040error\040on\040the\040\\phi_1\040input\040of\040Example\0409.2\040\(e.g.\040by\040rescaling\040the\040exact\040value\040by\0400.95\)\040and\040compare\040your\040error\040to\040the\040previous\040one.}{section.9.3}% 172
\BOOKMARK [2][-]{subsection.9.3.3}{\376\377\000E\000x\000a\000m\000p\000l\000e\000\040\0009\000.\0004\000:\000\040\000C\000o\000r\000r\000e\000c\000t\000\040\000t\000h\000e\000\040\040\034\000b\000a\000d\040\035\000\040\000r\000e\000s\000u\000l\000t\000s\000\040\000w\000i\000t\000h\000\040\000t\000h\000e\000\040\0005\000\045\000\040\000e\000r\000r\000o\000r\000\040\000o\000f\000\040\000E\000x\000a\000m\000p\000l\000e\000\040\0009\000.\0003\000.}{section.9.3}% 173
\BOOKMARK [1][-]{section.9.4}{\376\377\000G\000r\000e\000e\000n\040\031\000s\000\040\000F\000u\000n\000c\000t\000i\000o\000n\000\040\000S\000o\000l\000u\000t\000i\000o\000n\000\040\000o\000f\000\040\000B\000o\000u\000n\000d\000a\000r\000y\000\040\000V\000a\000l\000u\000e\000\040\000P\000r\000o\000b\000l\000e\000m\000s}{chapter.9}% 174
\BOOKMARK [2][-]{subsection.9.4.1}{\376\377\000E\000x\000a\000m\000p\000l\000e\000\040\0009\000.\0005\000:\000\040\000A\000\040\000S\000i\000m\000p\000l\000e\000\040\000A\000n\000a\000l\000y\000t\000i\000c\000a\000l\000\040\000G\000r\000e\000e\000n\040\031\000s\000\040\000F\000u\000n\000c\000t\000i\000o\000n\000\040\000P\000r\000o\000b\000l\000e\000m}{section.9.4}% 175
\BOOKMARK [2][-]{subsection.9.4.2}{Example\0409.6:\040Solve\040the\040problem:}{section.9.4}% 176
\BOOKMARK [1][-]{section.9.5}{Eigenvalues\040of\040the\040Wave\040Equation}{chapter.9}% 177
\BOOKMARK [2][-]{subsection.9.5.1}{Example\0409.7:\040Find\040the\040lowest\040eigenvalue\040of\040the\040stretched\040string\040problem\040by\040employing\040the\040shooting\040method\040described\040above.}{section.9.5}% 178
\BOOKMARK [1][-]{section.9.6}{\376\377\000T\000h\000e\000\040\000O\000n\000e\000-\000D\000i\000m\000e\000n\000s\000i\000o\000n\000a\000l\000\040\000S\000c\000h\000r\000\366\000d\000i\000n\000g\000e\000r\000\040\000E\000q\000u\000a\000t\000i\000o\000n}{chapter.9}% 179
\BOOKMARK [0][-]{chapter.10}{Partial\040Differential\040Equations}{}% 180
\BOOKMARK [1][-]{section.10.1}{Introduction}{chapter.10}% 181
\BOOKMARK [1][-]{section.10.2}{Elliptic\040Partial\040Differential\040Equations}{chapter.10}% 182
\BOOKMARK [2][-]{subsection.10.2.1}{Discretization}{section.10.2}% 183
\BOOKMARK [2][-]{subsection.10.2.2}{Variational\040Principle\040Approach}{section.10.2}% 184
\BOOKMARK [2][-]{subsection.10.2.3}{An\040Iterative\040Method\040for\040Boundary\040Value\040Problems}{section.10.2}% 185
\BOOKMARK [2][-]{subsection.10.2.4}{Example\04010.1:\040The\040relaxation\040method\040for\040partial\040differential\040equations\040in\040one\040dimension.}{section.10.2}% 186
\BOOKMARK [2][-]{subsection.10.2.5}{The\040Relaxation\040Method\040in\040Higher\040Dimensions}{section.10.2}% 187
\BOOKMARK [1][-]{section.10.3}{Parabolic\040Partial\040Differential\040Equations}{chapter.10}% 188
\BOOKMARK [2][-]{subsection.10.3.1}{Naive\040Discretization\040and\040Instabilities}{section.10.3}% 189
\BOOKMARK [2][-]{subsection.10.3.2}{Example\04010.2:\040Parabolic\040PDEs:\040a\040first\040example}{section.10.3}% 190
\BOOKMARK [2][-]{subsection.10.3.3}{Implicit\040Schemes}{section.10.3}% 191
\BOOKMARK [2][-]{subsection.10.3.4}{Example\04010.3:\040Application\040of\040the\040Implicit\040Scheme\040for\040Parabolic\040PDEs}{section.10.3}% 192
\BOOKMARK [2][-]{subsection.10.3.5}{Solution\040by\040Direct\040Matrix\040Multiplication}{section.10.3}% 193
\BOOKMARK [2][-]{subsection.10.3.6}{Example\04010.4:\040Direct\040inversion\040of\040the\040matrix\040and\040the\040full\040evolution}{section.10.3}% 194
\BOOKMARK [2][-]{subsection.10.3.7}{Diffusion\040and\040Boundary\040Value\040Problems\040in\040Higher\040Dimensions}{section.10.3}% 195
\BOOKMARK [1][-]{section.10.4}{Iterative\040Methods\040for\040Eigenvalue\040Problems}{chapter.10}% 196
\BOOKMARK [2][-]{subsection.10.4.1}{Example\04010.5:\040The\040Infinite\040Square\040Well\040Using\040the\040Fake\040Diffusion\040Method}{section.10.4}% 197
\BOOKMARK [0][-]{chapter.11}{More\040Monte\040Carlo:\040The\040Metropolis\040Algorithm}{}% 198
\BOOKMARK [1][-]{section.11.1}{The\040Algorithm\040of\040Metropolis\040et\040al.}{chapter.11}% 199
\BOOKMARK [1][-]{section.11.2}{Proof\040of\040the\040Metropolis\040et\040al.\040Algorithm}{chapter.11}% 200
\BOOKMARK [1][-]{section.11.3}{Applying\040the\040Metropolis\040et\040al.\040Algorithm}{chapter.11}% 201
\BOOKMARK [1][-]{section.11.4}{Example\04011.1:\040The\040Metropolis\040Algorithm\040for\040One-dimensional\040Integration}{chapter.11}% 202
\BOOKMARK [1][-]{section.11.5}{Quantum\040Monte\040Carlo}{chapter.11}% 203
\BOOKMARK [2][-]{subsection.11.5.1}{The\040Model}{section.11.5}% 204
\BOOKMARK [2][-]{subsection.11.5.2}{Variational\040Monte\040Carlo}{section.11.5}% 205
\BOOKMARK [2][-]{subsection.11.5.3}{Example\04011.2\040Variational\040Monte\040Carlo\040for\040the\040Hydrogen\040Atom}{section.11.5}% 206
\BOOKMARK [2][-]{subsection.11.5.4}{VMC\040for\040the\040H_2\040Molecule\040and\040He\040Atom}{section.11.5}% 207
\BOOKMARK [2][-]{subsection.11.5.5}{Example\04011.3\040Variational\040Monte\040Carlo\040for\040the\040Helium\040Atom}{section.11.5}% 208
\BOOKMARK [2][-]{subsection.11.5.6}{Example\04011.4:\040Variational\040Monte\040Carlo\040for\040the\040Hydrogen\040Molecule}{section.11.5}% 209
