Traceback (most recent call last):
  File "/usr/local/lib/python3.11/site-packages/jupyter_cache/executors/utils.py", line 58, in single_nb_execution
    executenb(
  File "/usr/local/lib/python3.11/site-packages/nbclient/client.py", line 1319, in execute
    return NotebookClient(nb=nb, resources=resources, km=km, **kwargs).execute()
           ^^^^^^^^^^^^^^^^^^^^^^^^^^^^^^^^^^^^^^^^^^^^^^^^^^^^^^^^^^^^^^^^^^^^^
  File "/usr/local/lib/python3.11/site-packages/jupyter_core/utils/__init__.py", line 165, in wrapped
    return loop.run_until_complete(inner)
           ^^^^^^^^^^^^^^^^^^^^^^^^^^^^^^
  File "/usr/local/Cellar/python@3.11/3.11.10/Frameworks/Python.framework/Versions/3.11/lib/python3.11/asyncio/base_events.py", line 654, in run_until_complete
    return future.result()
           ^^^^^^^^^^^^^^^
  File "/usr/local/lib/python3.11/site-packages/nbclient/client.py", line 709, in async_execute
    await self.async_execute_cell(
  File "/usr/local/lib/python3.11/site-packages/nbclient/client.py", line 1062, in async_execute_cell
    await self._check_raise_for_error(cell, cell_index, exec_reply)
  File "/usr/local/lib/python3.11/site-packages/nbclient/client.py", line 918, in _check_raise_for_error
    raise CellExecutionError.from_cell_and_msg(cell, exec_reply_content)
nbclient.exceptions.CellExecutionError: An error occurred while executing the following cell:
------------------
import matplotlib.pyplot as plt # import matplotlib, a conventional module name is plt
import numpy as np

x = np.linspace(-3 *np.pi+0.2, 3 * np.pi-0.2, 600) # 
xdot = np.sin(x) 

fig, ax = plt.subplots() # create the elements required for matplotlib. This creates a figure containing a single axes.

# set the labels and titles:
ax.set_xlabel(r'$x$', fontsize=20) # set the x label
ax.set_ylabel(r'$\dot{x}$', fontsize=20) # set the y label
ax.set_title('A vector field on the line', fontsize=10) # set the title 

# set the x and y limits:
ax.set_xlim(-3*np.pi+0.2, 3*np.pi-0.2)
ax.set_ylim(-1.1,1.1)

# make one-dimensional plots using the above arrays, add a custom label, linestyles and colors:
ax.plot(x, xdot, color='blue', linestyle='-', label='a sine curve') 

# change the axis labels to correspond to [0, pi/2, pi, 1.5 * pi, 2*pi, 2.5*pi, 3*pi]
ax.set_xticks([-3*np.pi, -2.5*np.pi, -2*np.pi, -1.5 * np.pi, -np.pi, -np.pi/2, 0, np.pi/2, np.pi, 1.5 * np.pi, 2*np.pi, 2.5*np.pi, 3*np.pi])
ax.set_xticklabels(['$-3\\pi$','$5\\pi/2$', '$-2\\pi$', '$-3\\pi/2$', '$-\\pi$','$-\\pi/2$', '0', '$\\pi/2$', '$\\pi$', '$3\\pi/2$', '$2\\pi$', '$5\\pi/2$', '$3\\pi$'])

# plot the fixed points: 
xfpu = [-2*np.pi, 0, 2*np.pi]
yfpu = [0, 0, 0]
plt.scatter(xfpu, yfpu, s=80, facecolors='none', edgecolors='r', zorder=11)

# plot the fixed points: 
xfps = [-np.pi, np.pi]
yfps = [0, 0]
plt.scatter(xfps, yfps, s=80, facecolors='r', edgecolors='r', zorder=11)


# the axes:
ax.set_aspect(3)
ax.axhline(y=0, color='k', alpha=0.5)
ax.axvline(x=0, color='k')

# Vector origin location 
X = [0, 0, -2*np.pi, 2*np.pi, -2*np.pi, 2*np.pi] 
Y = [0, 0, 0, 0, 0, 0] 
  
# Directional vectors 
U = [np.pi/2-0.1, -np.pi/2+0.1, np.pi/2-0.1, -np.pi/2+0.1, -np.pi/2+0.1, np.pi/2-0.1]   
V = [0, 0, 0, 0, 0, 0]   
# Creating plot 
plt.quiver(X, Y, U, V, color='black', units='xy', scale=1, zorder=10, width=0.08) 

plt.show() # show the plot here
------------------


[0;31m---------------------------------------------------------------------------[0m
[0;31mModuleNotFoundError[0m                       Traceback (most recent call last)
Cell [0;32mIn[1], line 1[0m
[0;32m----> 1[0m [38;5;28;01mimport[39;00m [38;5;21;01mmatplotlib[39;00m[38;5;21;01m.[39;00m[38;5;21;01mpyplot[39;00m [38;5;28;01mas[39;00m [38;5;21;01mplt[39;00m [38;5;66;03m# import matplotlib, a conventional module name is plt[39;00m
[1;32m      2[0m [38;5;28;01mimport[39;00m [38;5;21;01mnumpy[39;00m [38;5;28;01mas[39;00m [38;5;21;01mnp[39;00m
[1;32m      4[0m x [38;5;241m=[39m np[38;5;241m.[39mlinspace([38;5;241m-[39m[38;5;241m3[39m [38;5;241m*[39mnp[38;5;241m.[39mpi[38;5;241m+[39m[38;5;241m0.2[39m, [38;5;241m3[39m [38;5;241m*[39m np[38;5;241m.[39mpi[38;5;241m-[39m[38;5;241m0.2[39m, [38;5;241m600[39m) [38;5;66;03m# [39;00m

[0;31mModuleNotFoundError[0m: No module named 'matplotlib'

