Traceback (most recent call last):
  File "/usr/local/lib/python3.11/site-packages/jupyter_cache/executors/utils.py", line 58, in single_nb_execution
    executenb(
  File "/usr/local/lib/python3.11/site-packages/nbclient/client.py", line 1319, in execute
    return NotebookClient(nb=nb, resources=resources, km=km, **kwargs).execute()
           ^^^^^^^^^^^^^^^^^^^^^^^^^^^^^^^^^^^^^^^^^^^^^^^^^^^^^^^^^^^^^^^^^^^^^
  File "/usr/local/lib/python3.11/site-packages/jupyter_core/utils/__init__.py", line 165, in wrapped
    return loop.run_until_complete(inner)
           ^^^^^^^^^^^^^^^^^^^^^^^^^^^^^^
  File "/usr/local/Cellar/python@3.11/3.11.10/Frameworks/Python.framework/Versions/3.11/lib/python3.11/asyncio/base_events.py", line 654, in run_until_complete
    return future.result()
           ^^^^^^^^^^^^^^^
  File "/usr/local/lib/python3.11/site-packages/nbclient/client.py", line 709, in async_execute
    await self.async_execute_cell(
  File "/usr/local/lib/python3.11/site-packages/nbclient/client.py", line 1062, in async_execute_cell
    await self._check_raise_for_error(cell, cell_index, exec_reply)
  File "/usr/local/lib/python3.11/site-packages/nbclient/client.py", line 918, in _check_raise_for_error
    raise CellExecutionError.from_cell_and_msg(cell, exec_reply_content)
nbclient.exceptions.CellExecutionError: An error occurred while executing the following cell:
------------------
import matplotlib.pyplot as plt # import matplotlib, a conventional module name is plt
import numpy as np

# Now plot! Don't forget the different labels! 
fig, ax = plt.subplots() # create the elements required for matplotlib. This creates a figure containing a single axes.

# set the labels and titles:
ax.set_xlabel(r'$x$', fontsize=20) # set the x label
ax.set_ylabel(r'$f(x)$', fontsize=20) # set the y label. Note that the 'r' is necessary to remove the need for double slashes. You can use LaTeX! 
ax.set_title(r'The Newton-Raphson Method', fontsize=10) # set the title 

# construct the variable: 
x = np.linspace(0,3.5,350)
# and the function:
f = x**2 - 4

ax.plot(x, f, label='$f(x)$', ls='--', color='red')
x0 = 3.0
y0 = 3.0**2 - 4
x1 = x0 - (x0**2-4)/(2 * x0)
y1 = x1**2 - 4
x2 = x1 - (x1**2-4)/(2 * x1)
y2 = x2**2 - 4

ax.plot(x0, y0, markersize=5, marker='o', color='red')
ax.plot(x1, y1, markersize=5, marker='o', color='red')
ax.plot(x2, y2, markersize=5, marker='o', color='red')
ax.text(x0-0.1,y0+0.4,"$x_0$")
ax.text(x1-0.1,y1+0.4,"$x_1$")
ax.text(x2-0.1,y2+0.4,"$x_2$")

y = y0 + (x-x0) * 2*x0
y2 = y1 + (x-x1) * 2*x1

ax.plot(x,y,ls='--', color='black')
ax.plot(x,y2,ls='--', color='black', alpha=0.5)

# draw horizontal line passing through zero
ax.hlines(xmin=0, xmax=3.2,y=0,color='black')

# draw first vertical line to indicate x_1:
ax.vlines(ymin=0, ymax=y1,x=x1,color='black')

# set the limits:
ax.set_xlim(0,3.2)
ax.set_ylim(-6,6)

# construct the legend:
ax.legend(loc='upper center')  # Add a legend

ax.grid() # show the grid. 

plt.show() # show the plot here
------------------


[0;31m---------------------------------------------------------------------------[0m
[0;31mModuleNotFoundError[0m                       Traceback (most recent call last)
Cell [0;32mIn[1], line 1[0m
[0;32m----> 1[0m [38;5;28;01mimport[39;00m [38;5;21;01mmatplotlib[39;00m[38;5;21;01m.[39;00m[38;5;21;01mpyplot[39;00m [38;5;28;01mas[39;00m [38;5;21;01mplt[39;00m [38;5;66;03m# import matplotlib, a conventional module name is plt[39;00m
[1;32m      2[0m [38;5;28;01mimport[39;00m [38;5;21;01mnumpy[39;00m [38;5;28;01mas[39;00m [38;5;21;01mnp[39;00m
[1;32m      4[0m [38;5;66;03m# Now plot! Don't forget the different labels! [39;00m

[0;31mModuleNotFoundError[0m: No module named 'matplotlib'

